<?xml version="1.0" encoding="UTF-8"?>
<!-- Generated by org.testng.reporters.JUnitXMLReporter -->
<testsuite ignored="0" hostname="Rishi-pc" failures="1" tests="18" name="Test" time="15.405" errors="0" timestamp="2025-06-28T11:43:33 IST">
  <testcase classname="listener.orangeHrm" name="testAuditLogs" time="0.013"/>
  <testcase classname="listener.orangeHrm" name="testDashboard" time="0.001"/>
  <testcase classname="listener.orangeHrm" name="testHelpSection" time="0.001"/>
  <testcase classname="listener.orangeHrm" name="testHomePageLoad" time="0.001"/>
  <testcase classname="listener.orangeHrm" name="testLogin" time="0.001"/>
  <testcase classname="listener.orangeHrm" name="testLogout" time="0.002"/>
  <testcase classname="listener.orangeHrm" name="testNotificationPanel" time="0.002"/>
  <testcase classname="listener.orangeHrm" name="testProfileUpdate" time="0.003"/>
  <testcase classname="listener.orangeHrm" name="testReportsGeneration" time="0.002"/>
  <testcase classname="listener.orangeHrm" name="testRoleManagement" time="0.002"/>
  <testcase classname="listener.orangeHrm" name="testSearchFunctionality" time="0.001"/>
  <testcase classname="listener.orangeHrm" name="testSettingsPage" time="0.002"/>
  <testcase classname="listener.orangeHrm" name="testThemeChange" time="0.002"/>
  <testcase classname="listener.orangeHrm" name="testUserCreation" time="0.004"/>
  <testcase classname="listener.orangeHrm" name="testUserDeletion" time="0.002"/>
  <testcase classname="listener.orangeHrm" name="testlogo" time="5.05"/>
  <testcase classname="listener.orangeHrm" name="testAppurl" time="0.012">
    <failure type="java.lang.AssertionError" message="expected [https://opensource-demo.orangehrmlive.com/] but found [https://opensource-demo.orangehrmlive.com/web/index.php/auth/login]">
      <![CDATA[java.lang.AssertionError: expected [https://opensource-demo.orangehrmlive.com/] but found [https://opensource-demo.orangehrmlive.com/web/index.php/auth/login]
at listener.orangeHrm.testAppurl(orangeHrm.java:40)
at java.base/java.util.ArrayList.forEach(ArrayList.java:1604)
... Removed 31 stack frames]]>
    </failure>
  </testcase> <!-- testAppurl -->
  <testcase classname="listener.orangeHrm" name="testHomePagetitle" time="0.0">
    <skipped/>
  </testcase> <!-- testHomePagetitle -->
</testsuite> <!-- Test -->
